<?xml version="1.0" encoding="UTF-8"?>
<testsuite name="com.sonharf.game.BilBakalimCompetitionEngineTest" tests="4" skipped="0" failures="0" errors="0" timestamp="2026-08-25T08:33:01.263Z" hostname="runnervm76f27" time="0.031">
  <properties/>
  <testcase name="leagueBoundariesAreStable" classname="com.sonharf.game.BilBakalimCompetitionEngineTest" time="0.003"/>
  <testcase name="finalRiskStacksWithoutPayToWinPower" classname="com.sonharf.game.BilBakalimCompetitionEngineTest" time="0.021"/>
  <testcase name="lossNeverAwardsPoints" classname="com.sonharf.game.BilBakalimCompetitionEngineTest" time="0.0"/>
  <testcase name="bossAddsFiveBeforeMultiplier" classname="com.sonharf.game.BilBakalimCompetitionEngineTest" time="0.001"/>
  <system-out><![CDATA[]]></system-out>
  <system-err><![CDATA[]]></system-err>
</testsuite>
