<?xml version="1.0" encoding="UTF-8"?>
<testsuite name="com.sonharf.game.GameplayExcitementRulesTest" tests="3" skipped="0" failures="0" errors="0" timestamp="2026-08-25T08:33:01.356Z" hostname="runnervm76f27" time="0.001">
  <properties/>
  <testcase name="triviaMilestoneCountdownIsStable" classname="com.sonharf.game.GameplayExcitementRulesTest" time="0.001"/>
  <testcase name="approvedMascotCanRunWithoutChangingGameplayRules" classname="com.sonharf.game.GameplayExcitementRulesTest" time="0.0"/>
  <testcase name="coreSonHarfRulesStayLocked" classname="com.sonharf.game.GameplayExcitementRulesTest" time="0.0"/>
  <system-out><![CDATA[]]></system-out>
  <system-err><![CDATA[]]></system-err>
</testsuite>
